<?xml version="1.0" encoding="UTF-8"?>
<testng-results ignored="0" total="3" passed="2" failed="1" skipped="0">
  <reporter-output>
  </reporter-output>
  <suite started-at="2025-02-03T23:38:13 WIB" name="Suite Test Cucumber" finished-at="2025-02-03T23:38:27 WIB" duration-ms="13526">
    <groups>
      <group name="cucumber">
        <method signature="AbstractTestNGCucumberTests.runScenario(io.cucumber.testng.PickleWrapper,io.cucumber.testng.FeatureWrapper)[pri:0, instance:jc.belajar.cucumber.runners.RunnerTest@564fabc8]" name="runScenario" class="io.cucumber.testng.AbstractTestNGCucumberTests"/>
      </group> <!-- cucumber -->
    </groups>
    <test started-at="2025-02-03T23:38:13 WIB" name="Test Application" finished-at="2025-02-03T23:38:27 WIB" duration-ms="13526">
      <class name="jc.belajar.cucumber.runners.RunnerTest">
        <test-method is-config="true" signature="setUpClass(org.testng.ITestContext)[pri:0, instance:jc.belajar.cucumber.runners.RunnerTest@564fabc8]" started-at="2025-02-03T23:38:13 WIB" name="setUpClass" finished-at="2025-02-03T23:38:16 WIB" duration-ms="2436" status="PASS">
          <params>
            <param index="0">
              <value>
                <![CDATA[org.testng.TestRunner@53747c4a]]>
              </value>
            </param>
          </params>
          <reporter-output>
          </reporter-output>
        </test-method> <!-- setUpClass -->
        <test-method signature="runScenario(io.cucumber.testng.PickleWrapper,io.cucumber.testng.FeatureWrapper)[pri:0, instance:jc.belajar.cucumber.runners.RunnerTest@564fabc8]" started-at="2025-02-03T23:38:16 WIB" name="runScenario" description="Runs Cucumber Scenarios" data-provider="scenarios" finished-at="2025-02-03T23:38:16 WIB" duration-ms="634" status="PASS">
          <params>
            <param index="0">
              <value>
                <![CDATA["Successful SignIn with valid credentials"]]>
              </value>
            </param>
            <param index="1">
              <value>
                <![CDATA["Auth Functionality"]]>
              </value>
            </param>
          </params>
          <reporter-output>
          </reporter-output>
        </test-method> <!-- runScenario -->
        <test-method signature="runScenario(io.cucumber.testng.PickleWrapper,io.cucumber.testng.FeatureWrapper)[pri:0, instance:jc.belajar.cucumber.runners.RunnerTest@564fabc8]" started-at="2025-02-03T23:38:16 WIB" name="runScenario" description="Runs Cucumber Scenarios" data-provider="scenarios" finished-at="2025-02-03T23:38:16 WIB" duration-ms="95" status="PASS">
          <params>
            <param index="0">
              <value>
                <![CDATA["Successful user registration"]]>
              </value>
            </param>
            <param index="1">
              <value>
                <![CDATA["Auth Functionality"]]>
              </value>
            </param>
          </params>
          <reporter-output>
          </reporter-output>
        </test-method> <!-- runScenario -->
        <test-method signature="runScenario(io.cucumber.testng.PickleWrapper,io.cucumber.testng.FeatureWrapper)[pri:0, instance:jc.belajar.cucumber.runners.RunnerTest@564fabc8]" started-at="2025-02-03T23:38:16 WIB" name="runScenario" description="Runs Cucumber Scenarios" data-provider="scenarios" finished-at="2025-02-03T23:38:17 WIB" duration-ms="140" status="FAIL">
          <params>
            <param index="0">
              <value>
                <![CDATA["Successful checkout with valid payment details"]]>
              </value>
            </param>
            <param index="1">
              <value>
                <![CDATA["Checkout Process"]]>
              </value>
            </param>
          </params>
          <exception class="java.lang.AssertionError">
            <message>
              <![CDATA[expected [false] but found [true]]]>
            </message>
            <full-stacktrace>
              <![CDATA[java.lang.AssertionError: expected [false] but found [true]
at org.testng.Assert.fail(Assert.java:111)
at org.testng.Assert.failNotEquals(Assert.java:1578)
at org.testng.Assert.assertEqualsImpl(Assert.java:150)
at org.testng.Assert.assertEquals(Assert.java:132)
at org.testng.Assert.assertEquals(Assert.java:1067)
at org.testng.Assert.assertEquals(Assert.java:1031)
at org.testng.Assert.assertEquals(Assert.java:1077)
at jc.belajar.cucumber.definitions.CheckoutDefinition.step05(CheckoutDefinition.java:33)
at âœ½.User should see an order confirmation message(file:///c:/Users/ASUS/Documents/SQA24/JCBelajarCucumber/src/test/resources/features/Checkout.feature:9)
]]>
            </full-stacktrace>
          </exception> <!-- java.lang.AssertionError -->
          <reporter-output>
          </reporter-output>
        </test-method> <!-- runScenario -->
        <test-method is-config="true" signature="tearDownClass()[pri:0, instance:jc.belajar.cucumber.runners.RunnerTest@564fabc8]" started-at="2025-02-03T23:38:17 WIB" name="tearDownClass" finished-at="2025-02-03T23:38:27 WIB" duration-ms="10094" status="PASS">
          <reporter-output>
          </reporter-output>
        </test-method> <!-- tearDownClass -->
      </class> <!-- jc.belajar.cucumber.runners.RunnerTest -->
    </test> <!-- Test Application -->
  </suite> <!-- Suite Test Cucumber -->
</testng-results>
