<?xml version="1.0" encoding="UTF-8"?>
<!-- Generated by org.testng.reporters.JUnitReportReporter -->
<testsuite hostname="LAPTOP-BPHIKLG5" failures="1" tests="3" name="jc.belajar.cucumber.runners.RunnerTest" time="1.015" errors="0" timestamp="2025-02-04T22:30:00 WIB" skipped="0">
  <testcase classname="jc.belajar.cucumber.runners.RunnerTest" name="runScenario" time="0.685"/>
  <testcase classname="jc.belajar.cucumber.runners.RunnerTest" name="runScenario" time="0.114"/>
  <testcase classname="jc.belajar.cucumber.runners.RunnerTest" name="runScenario" time="0.216">
    <failure message="expected [false] but found [true]" type="java.lang.AssertionError">
      <![CDATA[java.lang.AssertionError: expected [false] but found [true]
at org.testng.Assert.fail(Assert.java:111)
at org.testng.Assert.failNotEquals(Assert.java:1578)
at org.testng.Assert.assertEqualsImpl(Assert.java:150)
at org.testng.Assert.assertEquals(Assert.java:132)
at org.testng.Assert.assertEquals(Assert.java:1067)
at org.testng.Assert.assertEquals(Assert.java:1031)
at org.testng.Assert.assertEquals(Assert.java:1077)
at jc.belajar.cucumber.definitions.CheckoutDefinition.step05(CheckoutDefinition.java:33)
at âœ½.User should see an order confirmation message(file:///c:/Users/ASUS/Documents/SQA24/JCBelajarCucumber/src/test/resources/features/Checkout.feature:9)
]]>
    </failure>
  </testcase> <!-- runScenario -->
</testsuite> <!-- jc.belajar.cucumber.runners.RunnerTest -->
